[warning] /usr/bin/fop: JVM flavor 'sun' not understood
[WARN] FOUserAgent - Font "Symbol,normal,700" not found. Substituting with "Symbol,normal,400".
[WARN] FOUserAgent - Font "ZapfDingbats,normal,700" not found. Substituting with "ZapfDingbats,normal,400".
[INFO] FOUserAgent - Rendered page #1.
[INFO] FOUserAgent - Rendered page #2.
[INFO] FOUserAgent - Rendered page #3.
[INFO] FOUserAgent - Rendered page #4.
[INFO] FOUserAgent - Rendered page #5.
[INFO] FOUserAgent - Rendered page #6.
[INFO] FOUserAgent - Rendered page #7.
[INFO] FOUserAgent - Rendered page #8.
[INFO] FOUserAgent - Rendered page #9.
[INFO] FOUserAgent - Rendered page #10.
[INFO] FOUserAgent - Rendered page #11.
[INFO] FOUserAgent - Rendered page #12.
[INFO] FOUserAgent - Rendered page #13.
[INFO] FOUserAgent - Rendered page #14.
[INFO] FOUserAgent - Rendered page #15.
[INFO] FOUserAgent - Rendered page #16.
[INFO] FOUserAgent - Rendered page #17.
[INFO] FOUserAgent - Rendered page #18.
[INFO] FOUserAgent - Rendered page #19.
[INFO] FOUserAgent - Rendered page #20.
[INFO] FOUserAgent - Rendered page #21.
[INFO] FOUserAgent - Rendered page #22.
[INFO] FOUserAgent - Rendered page #23.
[INFO] FOUserAgent - Rendered page #24.
[INFO] FOUserAgent - Rendered page #25.
[INFO] FOUserAgent - Rendered page #26.
[INFO] FOUserAgent - Rendered page #27.
[INFO] FOUserAgent - Rendered page #28.
[INFO] FOUserAgent - Rendered page #29.
[INFO] FOUserAgent - Rendered page #30.
[INFO] FOUserAgent - Rendered page #31.
[INFO] FOUserAgent - Rendered page #32.
[INFO] FOUserAgent - Rendered page #33.
[INFO] FOUserAgent - Rendered page #34.
[INFO] FOUserAgent - Rendered page #35.
[INFO] FOUserAgent - Rendered page #36.
[INFO] FOUserAgent - Rendered page #37.
[INFO] FOUserAgent - Rendered page #38.
[INFO] FOUserAgent - Rendered page #39.
[INFO] FOUserAgent - Rendered page #40.
[INFO] FOUserAgent - Rendered page #41.
[WARN] FOUserAgent - The contents of fo:block line 1 exceed the available area in the inline-progression direction by 14003 millipoints. (See position 1212:2153)
[WARN] FOUserAgent - The contents of fo:block line 2 exceed the available area in the inline-progression direction by 5339 millipoints. (See position 1212:4698)
[WARN] FOUserAgent - The contents of fo:block line 2 exceed the available area in the inline-progression direction by 5339 millipoints. (See position 1212:6251)
[WARN] FOUserAgent - The contents of fo:block line 2 exceed the available area in the inline-progression direction by 5339 millipoints. (See position 1212:7384)
[WARN] FOUserAgent - The contents of fo:block line 1 exceed the available area in the inline-progression direction by 14003 millipoints. (See position 1217:2134)
[WARN] FOUserAgent - The contents of fo:block line 1 exceed the available area in the inline-progression direction by 6671 millipoints. (See position 1217:4259)
[WARN] FOUserAgent - The contents of fo:block line 1 exceed the available area in the inline-progression direction by 14003 millipoints. (See position 1269:2117)
[WARN] FOUserAgent - The contents of fo:block line 2 exceed the available area in the inline-progression direction by 5339 millipoints. (See position 1269:4666)
[WARN] FOUserAgent - The contents of fo:block line 2 exceed the available area in the inline-progression direction by 5339 millipoints. (See position 1269:6219)
[WARN] FOUserAgent - The contents of fo:block line 1 exceed the available area in the inline-progression direction by 6671 millipoints. (See position 1269:7346)
[INFO] FOUserAgent - Rendered page #42.
[INFO] FOUserAgent - Rendered page #43.
[INFO] FOUserAgent - Rendered page #44.
[INFO] FOUserAgent - Rendered page #45.
[INFO] FOUserAgent - Rendered page #46.
[INFO] FOUserAgent - Rendered page #47.
[INFO] FOUserAgent - Rendered page #48.
[INFO] FOUserAgent - Rendered page #49.
[INFO] FOUserAgent - Rendered page #50.
[INFO] FOUserAgent - Rendered page #51.
[INFO] FOUserAgent - Rendered page #52.
[INFO] FOUserAgent - Rendered page #53.
[INFO] FOUserAgent - Rendered page #54.
[INFO] FOUserAgent - Rendered page #55.
[INFO] FOUserAgent - Rendered page #56.
[INFO] FOUserAgent - Rendered page #57.
[INFO] FOUserAgent - Rendered page #58.
[INFO] FOUserAgent - Rendered page #59.
[INFO] FOUserAgent - Rendered page #60.
[INFO] FOUserAgent - Rendered page #61.
[INFO] FOUserAgent - Rendered page #62.
[INFO] FOUserAgent - Rendered page #63.
[INFO] FOUserAgent - Rendered page #64.
[INFO] FOUserAgent - Rendered page #65.
[INFO] FOUserAgent - Rendered page #66.
[INFO] PropertyCache - 10 hashCode() collisions for org.apache.fop.fo.properties.CommonBorderPaddingBackground$BorderInfo
[INFO] PropertyCache - 10 hashCode() collisions for org.apache.fop.fo.properties.CommonBorderPaddingBackground
[INFO] FOUserAgent - Rendered page #67.
[INFO] FOUserAgent - Rendered page #68.
[INFO] FOUserAgent - Rendered page #69.
[INFO] FOUserAgent - Rendered page #70.
[INFO] FOUserAgent - Rendered page #71.
[INFO] FOUserAgent - Rendered page #72.
[INFO] FOUserAgent - Rendered page #73.
[INFO] FOUserAgent - Rendered page #74.
[INFO] FOUserAgent - Rendered page #75.
[INFO] FOUserAgent - Rendered page #76.
[INFO] FOUserAgent - Rendered page #77.
[INFO] FOUserAgent - Rendered page #78.
[INFO] FOUserAgent - Rendered page #79.
[INFO] FOUserAgent - Rendered page #80.
[INFO] FOUserAgent - Rendered page #81.
[INFO] FOUserAgent - Rendered page #82.
[INFO] FOUserAgent - Rendered page #83.
[INFO] FOUserAgent - Rendered page #84.
[INFO] FOUserAgent - Rendered page #85.
[INFO] FOUserAgent - Rendered page #86.
[INFO] FOUserAgent - Rendered page #87.
[INFO] FOUserAgent - Rendered page #88.
[INFO] FOUserAgent - Rendered page #89.
[INFO] FOUserAgent - Rendered page #90.
[INFO] FOUserAgent - Rendered page #91.
[INFO] FOUserAgent - Rendered page #92.
[INFO] FOUserAgent - Rendered page #93.
[INFO] FOUserAgent - Rendered page #94.
[INFO] FOUserAgent - Rendered page #95.
[INFO] FOUserAgent - Rendered page #96.
[INFO] FOUserAgent - Rendered page #97.
[INFO] FOUserAgent - Rendered page #98.
[INFO] FOUserAgent - Rendered page #99.
[INFO] FOUserAgent - Rendered page #100.
[INFO] FOUserAgent - Rendered page #101.
[INFO] FOUserAgent - Rendered page #102.
[INFO] FOUserAgent - Rendered page #103.
[INFO] FOUserAgent - Rendered page #104.
[INFO] FOUserAgent - Rendered page #105.
[INFO] FOUserAgent - Rendered page #106.
[INFO] FOUserAgent - Rendered page #107.
[INFO] FOUserAgent - Rendered page #108.
[INFO] FOUserAgent - Rendered page #109.
[INFO] FOUserAgent - Rendered page #110.
[INFO] FOUserAgent - Rendered page #111.
[INFO] FOUserAgent - Rendered page #112.
[INFO] FOUserAgent - Rendered page #113.
[INFO] FOUserAgent - Rendered page #114.
[INFO] FOUserAgent - Rendered page #115.
[INFO] FOUserAgent - Rendered page #116.
[INFO] FOUserAgent - Rendered page #117.
[INFO] FOUserAgent - Rendered page #118.
[INFO] FOUserAgent - Rendered page #119.
[INFO] FOUserAgent - Rendered page #120.
[INFO] FOUserAgent - Rendered page #121.
[INFO] FOUserAgent - Rendered page #122.
[INFO] FOUserAgent - Rendered page #123.
[INFO] FOUserAgent - Rendered page #124.
[INFO] FOUserAgent - Rendered page #125.
[INFO] FOUserAgent - Rendered page #126.
[INFO] FOUserAgent - Rendered page #127.
[INFO] FOUserAgent - Rendered page #128.
[INFO] FOUserAgent - Rendered page #129.
[INFO] FOUserAgent - Rendered page #130.
[INFO] FOUserAgent - Rendered page #131.
[INFO] FOUserAgent - Rendered page #132.
[INFO] FOUserAgent - Rendered page #133.
[INFO] FOUserAgent - Rendered page #134.
[INFO] FOUserAgent - Rendered page #135.
[INFO] FOUserAgent - Rendered page #136.
[INFO] FOUserAgent - Rendered page #137.
[INFO] FOUserAgent - Rendered page #138.
[INFO] FOUserAgent - Rendered page #139.
[INFO] FOUserAgent - Rendered page #140.
[INFO] FOUserAgent - Rendered page #141.
[INFO] FOUserAgent - Rendered page #142.
[INFO] FOUserAgent - Rendered page #143.
[INFO] FOUserAgent - Rendered page #144.
[INFO] FOUserAgent - Rendered page #145.
[INFO] FOUserAgent - Rendered page #146.
[INFO] FOUserAgent - Rendered page #147.
[INFO] FOUserAgent - Rendered page #148.
[INFO] FOUserAgent - Rendered page #149.
[INFO] FOUserAgent - Rendered page #150.
[INFO] FOUserAgent - Rendered page #151.
[INFO] FOUserAgent - Rendered page #152.
[INFO] FOUserAgent - Rendered page #153.
[INFO] FOUserAgent - Rendered page #154.
[INFO] FOUserAgent - Rendered page #155.
[INFO] FOUserAgent - Rendered page #156.
[INFO] FOUserAgent - Rendered page #157.
[INFO] FOUserAgent - Rendered page #158.
[INFO] FOUserAgent - Rendered page #159.
[INFO] FOUserAgent - Rendered page #160.
[INFO] FOUserAgent - Rendered page #161.
[INFO] FOUserAgent - Rendered page #162.
[INFO] FOUserAgent - Rendered page #163.
[INFO] FOUserAgent - Rendered page #164.
[INFO] FOUserAgent - Rendered page #165.
[INFO] FOUserAgent - Rendered page #166.
[INFO] FOUserAgent - Rendered page #167.
[INFO] FOUserAgent - Rendered page #168.
[INFO] FOUserAgent - Rendered page #169.
[INFO] FOUserAgent - Rendered page #170.
[INFO] FOUserAgent - Rendered page #171.
[INFO] FOUserAgent - Rendered page #172.
[INFO] FOUserAgent - Rendered page #173.
[INFO] FOUserAgent - Rendered page #174.
[INFO] FOUserAgent - Rendered page #175.
[INFO] FOUserAgent - Rendered page #176.
[INFO] FOUserAgent - Rendered page #177.
[INFO] FOUserAgent - Rendered page #178.
[INFO] FOUserAgent - Rendered page #179.
[INFO] FOUserAgent - Rendered page #180.
[INFO] FOUserAgent - Rendered page #181.
[INFO] FOUserAgent - Rendered page #182.
[INFO] FOUserAgent - Rendered page #183.
[INFO] FOUserAgent - Rendered page #184.
[INFO] FOUserAgent - Rendered page #185.
[INFO] FOUserAgent - Rendered page #186.
[INFO] FOUserAgent - Rendered page #187.
[INFO] FOUserAgent - Rendered page #188.
[INFO] FOUserAgent - Rendered page #189.
[INFO] FOUserAgent - Rendered page #190.
[INFO] FOUserAgent - Rendered page #191.
[INFO] FOUserAgent - Rendered page #192.
[INFO] FOUserAgent - Rendered page #193.
[INFO] FOUserAgent - Rendered page #194.
[INFO] FOUserAgent - Rendered page #195.
[INFO] FOUserAgent - Rendered page #196.
[INFO] FOUserAgent - Rendered page #197.
[INFO] FOUserAgent - Rendered page #198.
[INFO] FOUserAgent - Rendered page #199.
[INFO] FOUserAgent - Rendered page #200.
[INFO] FOUserAgent - Rendered page #201.
[INFO] FOUserAgent - Rendered page #202.
[INFO] FOUserAgent - Rendered page #203.
[INFO] FOUserAgent - Rendered page #204.
[INFO] FOUserAgent - Rendered page #205.
[INFO] FOUserAgent - Rendered page #206.
[INFO] FOUserAgent - Rendered page #207.
[INFO] FOUserAgent - Rendered page #208.
[INFO] FOUserAgent - Rendered page #209.
[INFO] FOUserAgent - Rendered page #210.
[INFO] FOUserAgent - Rendered page #211.
[INFO] FOUserAgent - Rendered page #212.
[INFO] FOUserAgent - Rendered page #213.
[INFO] FOUserAgent - Rendered page #214.
[INFO] FOUserAgent - Rendered page #215.
[INFO] FOUserAgent - Rendered page #216.
[WARN] FOUserAgent - The contents of fo:inline line 1 exceed the available area in the inline-progression direction by 7005 millipoints. (See position 4181:796)
[INFO] FOUserAgent - Rendered page #217.
[INFO] FOUserAgent - Rendered page #218.
[INFO] FOUserAgent - Rendered page #219.
[INFO] FOUserAgent - Rendered page #220.
[INFO] FOUserAgent - Rendered page #221.
[INFO] FOUserAgent - Rendered page #222.
[INFO] FOUserAgent - Rendered page #223.
[INFO] FOUserAgent - Rendered page #224.
[INFO] FOUserAgent - Rendered page #225.
[INFO] FOUserAgent - Rendered page #226.
[INFO] FOUserAgent - Rendered page #227.
[INFO] FOUserAgent - Rendered page #228.
[INFO] FOUserAgent - Rendered page #229.
[INFO] FOUserAgent - Rendered page #230.
[INFO] FOUserAgent - Rendered page #231.
[INFO] FOUserAgent - Rendered page #232.
[INFO] FOUserAgent - Rendered page #233.
[INFO] FOUserAgent - Rendered page #234.
[INFO] FOUserAgent - Rendered page #235.
[INFO] FOUserAgent - Rendered page #236.
[INFO] FOUserAgent - Rendered page #237.
[INFO] FOUserAgent - Rendered page #238.
[INFO] FOUserAgent - Rendered page #239.
[INFO] FOUserAgent - Rendered page #240.
[INFO] FOUserAgent - Rendered page #241.
[INFO] FOUserAgent - Rendered page #242.
[INFO] FOUserAgent - Rendered page #243.
[INFO] FOUserAgent - Rendered page #244.
[INFO] FOUserAgent - Rendered page #245.
[INFO] FOUserAgent - Rendered page #246.
[INFO] FOUserAgent - Rendered page #247.
[INFO] FOUserAgent - Rendered page #248.
[INFO] FOUserAgent - Rendered page #249.
[INFO] FOUserAgent - Rendered page #250.
[INFO] FOUserAgent - Rendered page #251.
[INFO] FOUserAgent - Rendered page #252.
[INFO] FOUserAgent - Rendered page #253.
[INFO] FOUserAgent - Rendered page #254.
[INFO] FOUserAgent - Rendered page #255.
[INFO] FOUserAgent - Rendered page #256.
[INFO] FOUserAgent - Rendered page #257.
[INFO] FOUserAgent - Rendered page #258.
[INFO] FOUserAgent - Rendered page #259.
[INFO] FOUserAgent - Rendered page #260.
[INFO] FOUserAgent - Rendered page #261.
[INFO] FOUserAgent - Rendered page #262.
[INFO] FOUserAgent - Rendered page #263.
[INFO] FOUserAgent - Rendered page #264.
[INFO] FOUserAgent - Rendered page #265.
[INFO] FOUserAgent - Rendered page #266.
[INFO] FOUserAgent - Rendered page #267.
[INFO] FOUserAgent - Rendered page #268.
[INFO] FOUserAgent - Rendered page #269.
[INFO] FOUserAgent - Rendered page #270.
[INFO] FOUserAgent - Rendered page #271.
[INFO] FOUserAgent - Rendered page #272.
[INFO] FOUserAgent - Rendered page #273.
[INFO] FOUserAgent - Rendered page #274.
[INFO] FOUserAgent - Rendered page #275.
[INFO] FOUserAgent - Rendered page #276.
[INFO] FOUserAgent - Rendered page #277.
[INFO] FOUserAgent - Rendered page #278.
[INFO] FOUserAgent - Rendered page #279.
[INFO] FOUserAgent - Rendered page #280.
[INFO] FOUserAgent - Rendered page #281.
[INFO] FOUserAgent - Rendered page #282.
[INFO] FOUserAgent - Rendered page #283.
[INFO] FOUserAgent - Rendered page #284.
[INFO] FOUserAgent - Rendered page #285.
[INFO] FOUserAgent - Rendered page #286.
[INFO] FOUserAgent - Rendered page #287.
[INFO] FOUserAgent - Rendered page #288.
[INFO] FOUserAgent - Rendered page #289.
[INFO] FOUserAgent - Rendered page #290.
[INFO] FOUserAgent - Rendered page #291.
[INFO] FOUserAgent - Rendered page #292.
[INFO] FOUserAgent - Rendered page #293.
[INFO] FOUserAgent - Rendered page #294.
[INFO] FOUserAgent - Rendered page #295.
[INFO] FOUserAgent - Rendered page #296.
[INFO] FOUserAgent - Rendered page #297.
[INFO] FOUserAgent - Rendered page #298.
[INFO] FOUserAgent - Rendered page #299.
[INFO] FOUserAgent - Rendered page #300.
[INFO] FOUserAgent - Rendered page #301.
[INFO] FOUserAgent - Rendered page #302.
[INFO] FOUserAgent - Rendered page #303.
[INFO] FOUserAgent - Rendered page #304.
[INFO] FOUserAgent - Rendered page #305.
[INFO] FOUserAgent - Rendered page #306.
[INFO] FOUserAgent - Rendered page #307.
[INFO] FOUserAgent - Rendered page #308.
[INFO] FOUserAgent - Rendered page #309.
[INFO] FOUserAgent - Rendered page #310.
[INFO] FOUserAgent - Rendered page #311.
[INFO] FOUserAgent - Rendered page #312.
[INFO] FOUserAgent - Rendered page #313.
[INFO] FOUserAgent - Rendered page #314.
[INFO] FOUserAgent - Rendered page #315.
[INFO] FOUserAgent - Rendered page #316.
[INFO] FOUserAgent - Rendered page #317.
[INFO] FOUserAgent - Rendered page #318.
[INFO] FOUserAgent - Rendered page #319.
[INFO] FOUserAgent - Rendered page #320.
[INFO] FOUserAgent - Rendered page #321.
[INFO] FOUserAgent - Rendered page #322.
[INFO] FOUserAgent - Rendered page #323.
[INFO] FOUserAgent - Rendered page #324.
[INFO] FOUserAgent - Rendered page #325.
[INFO] FOUserAgent - Rendered page #326.
[INFO] FOUserAgent - Rendered page #327.
[INFO] FOUserAgent - Rendered page #328.
