./general/sysutils/ibus.xml : différence du nombre de balises (fr-en)= -2
./stylesheets/lfs-xsl/lfs-l10n.xml : différence du nombre de balises (fr-en)= 11
./pst/printing/cups.xml : différence du nombre de balises (fr-en)= 8
./server/other/openldap.xml : différence du nombre de balises (fr-en)= 4
./server/major/bind.xml : différence du nombre de balises (fr-en)= -1
./x/installing/xorg-server.xml : différence du nombre de balises (fr-en)= -2
./x/installing/x7font.xml : différence du nombre de balises (fr-en)= -14
./x/installing/x7lib.xml : différence du nombre de balises (fr-en)= 12
./x/installing/xbitmaps.xml : différence du nombre de balises (fr-en)= 2
./x/installing/x7app.xml : différence du nombre de balises (fr-en)= -4
./x/installing/mesalib.xml : différence du nombre de balises (fr-en)= -1
./x/lib/clutter.xml : différence du nombre de balises (fr-en)= 1
./x/lib/cairo.xml : différence du nombre de balises (fr-en)= 8
./x/lib/freeglut.xml : différence du nombre de balises (fr-en)= 4
./x/lib/gtk+2.xml : différence du nombre de balises (fr-en)= -2
./x/lib/gtk+3.xml : différence du nombre de balises (fr-en)= 2
./x/lib/startup-notification.xml : différence du nombre de balises (fr-en)= -1
./x/lib/webkitgtk.xml : différence du nombre de balises (fr-en)= 6
./x/lib/pango.xml : différence du nombre de balises (fr-en)= 7
./x/lib/at-spi2-atk.xml : différence du nombre de balises (fr-en)= -6
./template/template.xml : différence du nombre de balises (fr-en)= -8
./stylesheets/lfs-xsl/lfs-l10n.xml : différence du nombre de balises (fr-en)= 11
./general/sysutils/colord.xml : différence du nombre de balises (fr-en)= 1
./general/sysutils/udisks.xml : différence du nombre de balises (fr-en)= -1
./general/sysutils/upower.xml : différence du nombre de balises (fr-en)= -2
./general/sysutils/udisks2.xml : différence du nombre de balises (fr-en)= -1
./general/sysutils/usbutils.xml : différence du nombre de balises (fr-en)= -2
./general/sysutils/ibus.xml : différence du nombre de balises (fr-en)= -2
./general/genlib/libidl.xml : différence du nombre de balises (fr-en)= 2
./general/prog/python-modules.xml : différence du nombre de balises (fr-en)= 3
./general/prog/cmake.xml : différence du nombre de balises (fr-en)= 2
./general/prog/nasm.xml : différence du nombre de balises (fr-en)= 2
./general/prog/dejagnu.xml : différence du nombre de balises (fr-en)= -2
./general/prog/doxygen.xml : différence du nombre de balises (fr-en)= 2
./general/graphlib/fribidi.xml : différence du nombre de balises (fr-en)= -5
./general/graphlib/librsvg.xml : différence du nombre de balises (fr-en)= -1
./general/graphlib/harfbuzz.xml : différence du nombre de balises (fr-en)= -4
./general/genutils/imagemagick.xml : différence du nombre de balises (fr-en)= -1
./general/genutils/xscreensaver.xml : différence du nombre de balises (fr-en)= 14
./general/genutils/rep-gtk.xml : différence du nombre de balises (fr-en)= -5
./general/genutils/unixodbc.xml : différence du nombre de balises (fr-en)= 1
